12/12/2015 18:51:24 (Std) 	+-+-+-+-+-+-+-+-+-+-+-+-+-+-+-+-+-+-+-+-+-+-+-+-+-+-+-+-+-+-+-+-+-+-+-+-+-+-+-+
12/12/2015 18:51:24 (Std) 	+                     Crazy Eddie's GUI System - Event log                    +
12/12/2015 18:51:24 (Std) 	+                          (http://www.cegui.org.uk/)                         +
12/12/2015 18:51:24 (Std) 	+-+-+-+-+-+-+-+-+-+-+-+-+-+-+-+-+-+-+-+-+-+-+-+-+-+-+-+-+-+-+-+-+-+-+-+-+-+-+-+

12/12/2015 18:51:24 (Std) 	CEGUI::Logger singleton created. (0x2f6d0f0)
12/12/2015 18:51:24 (Std) 	
12/12/2015 18:51:24 (Std) 	********************************************************************************
12/12/2015 18:51:24 (Std) 	* Important:                                                                   *
12/12/2015 18:51:24 (Std) 	*     To get support at the CEGUI forums, you must post _at least_ the section *
12/12/2015 18:51:24 (Std) 	*     of this log file indicated below.  Failure to do this will result in no  *
12/12/2015 18:51:24 (Std) 	*     support being given; please do not waste our time.                       *
12/12/2015 18:51:24 (Std) 	********************************************************************************
12/12/2015 18:51:24 (Std) 	********************************************************************************
12/12/2015 18:51:24 (Std) 	* -------- START OF ESSENTIAL SECTION TO BE POSTED ON THE FORUM       -------- *
12/12/2015 18:51:24 (Std) 	********************************************************************************
12/12/2015 18:51:24 (Std) 	---- Version: 0.8.4 (Build: Nov 10 2015 GNU/Linux g++ 4.8.4 64 bit) ----
12/12/2015 18:51:24 (Std) 	---- Renderer module is: CEGUI::OgreRenderer - Official OGRE based 2nd generation renderer module. ----
12/12/2015 18:51:24 (Std) 	---- XML Parser module is: CEGUI::ExpatParser - Official expat based parser module for CEGUI ----
12/12/2015 18:51:24 (Std) 	---- Image Codec module is: OgreImageCodec - Integrated ImageCodec using the Ogre engine. ----
12/12/2015 18:51:24 (Std) 	---- Scripting module is: None ----
12/12/2015 18:51:24 (Std) 	********************************************************************************
12/12/2015 18:51:24 (Std) 	* -------- END OF ESSENTIAL SECTION TO BE POSTED ON THE FORUM         -------- *
12/12/2015 18:51:24 (Std) 	********************************************************************************
12/12/2015 18:51:24 (Std) 	
12/12/2015 18:51:24 (Std) 	---- Begining CEGUI System initialisation ----
12/12/2015 18:51:24 (Std) 	[CEGUI::ImageManager] Singleton created (0x2f6e520)
12/12/2015 18:51:24 (Std) 	[CEGUI::ImageManager] Registered Image type: BasicImage
12/12/2015 18:51:24 (Std) 	CEGUI::FontManager singleton created. (0x2f6f000)
12/12/2015 18:51:24 (Std) 	CEGUI::WindowFactoryManager singleton created
12/12/2015 18:51:24 (Std) 	CEGUI::WindowManager singleton created (0x2f6f130)
12/12/2015 18:51:24 (Std) 	CEGUI::SchemeManager singleton created. (0x2f6dea0)
12/12/2015 18:51:24 (Std) 	CEGUI::GlobalEventSet singleton created. (0x2f6c770)
12/12/2015 18:51:24 (Std) 	CEGUI::AnimationManager singleton created (0x2f6f1c0)
12/12/2015 18:51:24 (Std) 	CEGUI::WidgetLookManager singleton created. (0x2f6cd20)
12/12/2015 18:51:24 (Std) 	CEGUI::WindowRendererManager singleton created (0x2f72520)
12/12/2015 18:51:24 (Std) 	CEGUI::RenderEffectManager singleton created (0x2f6cca0)
12/12/2015 18:51:24 (Std) 	Created WindowFactory for 'DefaultWindow' windows.
12/12/2015 18:51:24 (Std) 	WindowFactory for 'DefaultWindow' windows added. (0x2f74370)
12/12/2015 18:51:24 (Std) 	Created WindowFactory for 'DragContainer' windows.
12/12/2015 18:51:24 (Std) 	WindowFactory for 'DragContainer' windows added. (0x2f74450)
12/12/2015 18:51:24 (Std) 	Created WindowFactory for 'ScrolledContainer' windows.
12/12/2015 18:51:24 (Std) 	WindowFactory for 'ScrolledContainer' windows added. (0x2f74620)
12/12/2015 18:51:24 (Std) 	Created WindowFactory for 'ClippedContainer' windows.
12/12/2015 18:51:24 (Std) 	WindowFactory for 'ClippedContainer' windows added. (0x2f74800)
12/12/2015 18:51:24 (Std) 	Created WindowFactory for 'CEGUI/PushButton' windows.
12/12/2015 18:51:24 (Std) 	WindowFactory for 'CEGUI/PushButton' windows added. (0x2f749b0)
12/12/2015 18:51:24 (Std) 	Created WindowFactory for 'CEGUI/RadioButton' windows.
12/12/2015 18:51:24 (Std) 	WindowFactory for 'CEGUI/RadioButton' windows added. (0x2f74cc0)
12/12/2015 18:51:24 (Std) 	Created WindowFactory for 'CEGUI/Combobox' windows.
12/12/2015 18:51:24 (Std) 	WindowFactory for 'CEGUI/Combobox' windows added. (0x2f74e60)
12/12/2015 18:51:24 (Std) 	Created WindowFactory for 'CEGUI/ComboDropList' windows.
12/12/2015 18:51:24 (Std) 	WindowFactory for 'CEGUI/ComboDropList' windows added. (0x2f75000)
12/12/2015 18:51:24 (Std) 	Created WindowFactory for 'CEGUI/Editbox' windows.
12/12/2015 18:51:24 (Std) 	WindowFactory for 'CEGUI/Editbox' windows added. (0x2f750c0)
12/12/2015 18:51:24 (Std) 	Created WindowFactory for 'CEGUI/FrameWindow' windows.
12/12/2015 18:51:24 (Std) 	WindowFactory for 'CEGUI/FrameWindow' windows added. (0x2f75430)
12/12/2015 18:51:24 (Std) 	Created WindowFactory for 'CEGUI/ItemEntry' windows.
12/12/2015 18:51:24 (Std) 	WindowFactory for 'CEGUI/ItemEntry' windows added. (0x2f755d0)
12/12/2015 18:51:24 (Std) 	Created WindowFactory for 'CEGUI/Listbox' windows.
12/12/2015 18:51:24 (Std) 	WindowFactory for 'CEGUI/Listbox' windows added. (0x2f75770)
12/12/2015 18:51:24 (Std) 	Created WindowFactory for 'CEGUI/ListHeader' windows.
12/12/2015 18:51:24 (Std) 	WindowFactory for 'CEGUI/ListHeader' windows added. (0x2f75910)
12/12/2015 18:51:24 (Std) 	Created WindowFactory for 'CEGUI/ListHeaderSegment' windows.
12/12/2015 18:51:24 (Std) 	WindowFactory for 'CEGUI/ListHeaderSegment' windows added. (0x2f75ab0)
12/12/2015 18:51:24 (Std) 	Created WindowFactory for 'CEGUI/Menubar' windows.
12/12/2015 18:51:24 (Std) 	WindowFactory for 'CEGUI/Menubar' windows added. (0x2f75c50)
12/12/2015 18:51:24 (Std) 	Created WindowFactory for 'CEGUI/PopupMenu' windows.
12/12/2015 18:51:24 (Std) 	WindowFactory for 'CEGUI/PopupMenu' windows added. (0x2f75df0)
12/12/2015 18:51:24 (Std) 	Created WindowFactory for 'CEGUI/MenuItem' windows.
12/12/2015 18:51:24 (Std) 	WindowFactory for 'CEGUI/MenuItem' windows added. (0x2f75f90)
12/12/2015 18:51:24 (Std) 	Created WindowFactory for 'CEGUI/MultiColumnList' windows.
12/12/2015 18:51:24 (Std) 	WindowFactory for 'CEGUI/MultiColumnList' windows added. (0x2f76240)
12/12/2015 18:51:24 (Std) 	Created WindowFactory for 'CEGUI/MultiLineEditbox' windows.
12/12/2015 18:51:24 (Std) 	WindowFactory for 'CEGUI/MultiLineEditbox' windows added. (0x2f763e0)
12/12/2015 18:51:24 (Std) 	Created WindowFactory for 'CEGUI/ProgressBar' windows.
12/12/2015 18:51:24 (Std) 	WindowFactory for 'CEGUI/ProgressBar' windows added. (0x2f76580)
12/12/2015 18:51:24 (Std) 	Created WindowFactory for 'CEGUI/ScrollablePane' windows.
12/12/2015 18:51:24 (Std) 	WindowFactory for 'CEGUI/ScrollablePane' windows added. (0x2f76720)
12/12/2015 18:51:24 (Std) 	Created WindowFactory for 'CEGUI/Scrollbar' windows.
12/12/2015 18:51:24 (Std) 	WindowFactory for 'CEGUI/Scrollbar' windows added. (0x2f768c0)
12/12/2015 18:51:24 (Std) 	Created WindowFactory for 'CEGUI/Slider' windows.
12/12/2015 18:51:24 (Std) 	WindowFactory for 'CEGUI/Slider' windows added. (0x2f76a60)
12/12/2015 18:51:24 (Std) 	Created WindowFactory for 'CEGUI/Spinner' windows.
12/12/2015 18:51:24 (Std) 	WindowFactory for 'CEGUI/Spinner' windows added. (0x2f76c00)
12/12/2015 18:51:24 (Std) 	Created WindowFactory for 'CEGUI/TabButton' windows.
12/12/2015 18:51:24 (Std) 	WindowFactory for 'CEGUI/TabButton' windows added. (0x2f76da0)
12/12/2015 18:51:24 (Std) 	Created WindowFactory for 'CEGUI/TabControl' windows.
12/12/2015 18:51:24 (Std) 	WindowFactory for 'CEGUI/TabControl' windows added. (0x2f76f40)
12/12/2015 18:51:24 (Std) 	Created WindowFactory for 'CEGUI/Thumb' windows.
12/12/2015 18:51:24 (Std) 	WindowFactory for 'CEGUI/Thumb' windows added. (0x2f770e0)
12/12/2015 18:51:24 (Std) 	Created WindowFactory for 'CEGUI/Titlebar' windows.
12/12/2015 18:51:24 (Std) 	WindowFactory for 'CEGUI/Titlebar' windows added. (0x2f77280)
12/12/2015 18:51:24 (Std) 	Created WindowFactory for 'CEGUI/ToggleButton' windows.
12/12/2015 18:51:24 (Std) 	WindowFactory for 'CEGUI/ToggleButton' windows added. (0x2f77420)
12/12/2015 18:51:24 (Std) 	Created WindowFactory for 'CEGUI/Tooltip' windows.
12/12/2015 18:51:24 (Std) 	WindowFactory for 'CEGUI/Tooltip' windows added. (0x2f775c0)
12/12/2015 18:51:24 (Std) 	Created WindowFactory for 'CEGUI/ItemListbox' windows.
12/12/2015 18:51:24 (Std) 	WindowFactory for 'CEGUI/ItemListbox' windows added. (0x2f77760)
12/12/2015 18:51:24 (Std) 	Created WindowFactory for 'CEGUI/GroupBox' windows.
12/12/2015 18:51:24 (Std) 	WindowFactory for 'CEGUI/GroupBox' windows added. (0x2f77900)
12/12/2015 18:51:24 (Std) 	Created WindowFactory for 'CEGUI/Tree' windows.
12/12/2015 18:51:24 (Std) 	WindowFactory for 'CEGUI/Tree' windows added. (0x2f77aa0)
12/12/2015 18:51:24 (Std) 	Created WindowFactory for 'LayoutCell' windows.
12/12/2015 18:51:24 (Std) 	WindowFactory for 'LayoutCell' windows added. (0x2f76130)
12/12/2015 18:51:24 (Std) 	Created WindowFactory for 'HorizontalLayoutContainer' windows.
12/12/2015 18:51:24 (Std) 	WindowFactory for 'HorizontalLayoutContainer' windows added. (0x2f77f30)
12/12/2015 18:51:24 (Std) 	Created WindowFactory for 'VerticalLayoutContainer' windows.
12/12/2015 18:51:24 (Std) 	WindowFactory for 'VerticalLayoutContainer' windows added. (0x2f780d0)
12/12/2015 18:51:24 (Std) 	Created WindowFactory for 'GridLayoutContainer' windows.
12/12/2015 18:51:24 (Std) 	WindowFactory for 'GridLayoutContainer' windows added. (0x2f78270)
12/12/2015 18:51:24 (Std) 	CEGUI::System singleton created. (0x2f6cea0)
12/12/2015 18:51:24 (Std) 	---- CEGUI System initialisation completed ----
12/12/2015 18:51:24 (Std) 	
12/12/2015 18:51:24 (Std) 	Started creation of Scheme from XML specification:
12/12/2015 18:51:24 (Std) 	---- CEGUI GUIScheme name: TaharezLook
12/12/2015 18:51:24 (Std) 	[ImageManager] Started creation of Imageset from XML specification:
12/12/2015 18:51:24 (Std) 	[ImageManager] ---- CEGUI Imageset name: TaharezLook
12/12/2015 18:51:24 (Std) 	[ImageManager] ---- Source texture file: TaharezLook.png
12/12/2015 18:51:24 (Std) 	[ImageManager] ---- Source texture resource group: (Default)
12/12/2015 18:51:24 (Std) 	[OgreRenderer] Created texture: TaharezLook
12/12/2015 18:51:24 (Std) 	[ImageManager] Created image: 'TaharezLook/ClientBrush' (0x2f8bce0) of type: BasicImage
12/12/2015 18:51:24 (Std) 	[ImageManager] Created image: 'TaharezLook/GenericBrush' (0x2f7e430) of type: BasicImage
12/12/2015 18:51:24 (Std) 	[ImageManager] Created image: 'TaharezLook/WindowLeftEdge' (0x2f78b40) of type: BasicImage
12/12/2015 18:51:24 (Std) 	[ImageManager] Created image: 'TaharezLook/WindowRightEdge' (0x2f78dd0) of type: BasicImage
12/12/2015 18:51:24 (Std) 	[ImageManager] Created image: 'TaharezLook/WindowTopEdge' (0x2f8b6a0) of type: BasicImage
12/12/2015 18:51:24 (Std) 	[ImageManager] Created image: 'TaharezLook/WindowBottomEdge' (0x2f8b380) of type: BasicImage
12/12/2015 18:51:24 (Std) 	[ImageManager] Created image: 'TaharezLook/WindowTopLeft' (0x2f78fe0) of type: BasicImage
12/12/2015 18:51:24 (Std) 	[ImageManager] Created image: 'TaharezLook/WindowTopRight' (0x2f791f0) of type: BasicImage
12/12/2015 18:51:24 (Std) 	[ImageManager] Created image: 'TaharezLook/WindowBottomLeft' (0x2f79400) of type: BasicImage
12/12/2015 18:51:24 (Std) 	[ImageManager] Created image: 'TaharezLook/WindowBottomRight' (0x2f79610) of type: BasicImage
12/12/2015 18:51:24 (Std) 	[ImageManager] Created image: 'TaharezLook/ButtonLeftNormal' (0x2f79820) of type: BasicImage
12/12/2015 18:51:24 (Std) 	[ImageManager] Created image: 'TaharezLook/ButtonMiddleNormal' (0x2f79a30) of type: BasicImage
12/12/2015 18:51:24 (Std) 	[ImageManager] Created image: 'TaharezLook/ButtonRightNormal' (0x2f79c40) of type: BasicImage
12/12/2015 18:51:24 (Std) 	[ImageManager] Created image: 'TaharezLook/ButtonLeftPushed' (0x2f79e50) of type: BasicImage
12/12/2015 18:51:24 (Std) 	[ImageManager] Created image: 'TaharezLook/ButtonMiddlePushed' (0x2f7a060) of type: BasicImage
12/12/2015 18:51:24 (Std) 	[ImageManager] Created image: 'TaharezLook/ButtonRightPushed' (0x2f7a270) of type: BasicImage
12/12/2015 18:51:24 (Std) 	[ImageManager] Created image: 'TaharezLook/ButtonLeftHighlight' (0x2f7a480) of type: BasicImage
12/12/2015 18:51:24 (Std) 	[ImageManager] Created image: 'TaharezLook/ButtonMiddleHighlight' (0x2f7a820) of type: BasicImage
12/12/2015 18:51:24 (Std) 	[ImageManager] Created image: 'TaharezLook/ButtonRightHighlight' (0x2f7dd00) of type: BasicImage
12/12/2015 18:51:24 (Std) 	[ImageManager] Created image: 'TaharezLook/CheckboxNormal' (0x2f7adf0) of type: BasicImage
12/12/2015 18:51:24 (Std) 	[ImageManager] Created image: 'TaharezLook/CheckboxHover' (0x2f7b000) of type: BasicImage
12/12/2015 18:51:24 (Std) 	[ImageManager] Created image: 'TaharezLook/CheckboxMark' (0x2f7b210) of type: BasicImage
12/12/2015 18:51:24 (Std) 	[ImageManager] Created image: 'TaharezLook/RadioButtonNormal' (0x2f7b420) of type: BasicImage
12/12/2015 18:51:24 (Std) 	[ImageManager] Created image: 'TaharezLook/RadioButtonHover' (0x2f7b630) of type: BasicImage
12/12/2015 18:51:24 (Std) 	[ImageManager] Created image: 'TaharezLook/RadioButtonMark' (0x2f7d850) of type: BasicImage
12/12/2015 18:51:24 (Std) 	[ImageManager] Created image: 'TaharezLook/TitlebarLeft' (0x2f789b0) of type: BasicImage
12/12/2015 18:51:24 (Std) 	[ImageManager] Created image: 'TaharezLook/TitlebarMiddle' (0x2f7f300) of type: BasicImage
12/12/2015 18:51:24 (Std) 	[ImageManager] Created image: 'TaharezLook/TitlebarRight' (0x2f7f510) of type: BasicImage
12/12/2015 18:51:24 (Std) 	[ImageManager] Created image: 'TaharezLook/NewTitlebarLeft' (0x2f7f720) of type: BasicImage
12/12/2015 18:51:24 (Std) 	[ImageManager] Created image: 'TaharezLook/NewTitlebarMiddle' (0x2f7f930) of type: BasicImage
12/12/2015 18:51:24 (Std) 	[ImageManager] Created image: 'TaharezLook/NewTitlebarRight' (0x2f7fb40) of type: BasicImage
12/12/2015 18:51:24 (Std) 	[ImageManager] Created image: 'TaharezLook/SysAreaMiddle' (0x2f7fd50) of type: BasicImage
12/12/2015 18:51:24 (Std) 	[ImageManager] Created image: 'TaharezLook/SysAreaRight' (0x2f7ff60) of type: BasicImage
12/12/2015 18:51:24 (Std) 	[ImageManager] Created image: 'TaharezLook/StaticLeft' (0x2f80170) of type: BasicImage
12/12/2015 18:51:24 (Std) 	[ImageManager] Created image: 'TaharezLook/StaticRight' (0x2f80380) of type: BasicImage
12/12/2015 18:51:24 (Std) 	[ImageManager] Created image: 'TaharezLook/StaticTop' (0x2f80590) of type: BasicImage
12/12/2015 18:51:24 (Std) 	[ImageManager] Created image: 'TaharezLook/StaticBottom' (0x2f807a0) of type: BasicImage
12/12/2015 18:51:24 (Std) 	[ImageManager] Created image: 'TaharezLook/StaticTopLeft' (0x2f809b0) of type: BasicImage
12/12/2015 18:51:24 (Std) 	[ImageManager] Created image: 'TaharezLook/StaticTopRight' (0x2f80bc0) of type: BasicImage
12/12/2015 18:51:24 (Std) 	[ImageManager] Created image: 'TaharezLook/StaticBottomLeft' (0x2f80dd0) of type: BasicImage
12/12/2015 18:51:24 (Std) 	[ImageManager] Created image: 'TaharezLook/StaticBottomRight' (0x2f80fe0) of type: BasicImage
12/12/2015 18:51:24 (Std) 	[ImageManager] Created image: 'TaharezLook/StaticBackdrop' (0x2f811f0) of type: BasicImage
12/12/2015 18:51:24 (Std) 	[ImageManager] Created image: 'TaharezLook/ProgressBarLeft' (0x2f81400) of type: BasicImage
12/12/2015 18:51:24 (Std) 	[ImageManager] Created image: 'TaharezLook/ProgressBarMiddle' (0x2f81610) of type: BasicImage
12/12/2015 18:51:24 (Std) 	[ImageManager] Created image: 'TaharezLook/ProgressBarRight' (0x2f81820) of type: BasicImage
12/12/2015 18:51:24 (Std) 	[ImageManager] Created image: 'TaharezLook/ProgressBarDimSegment' (0x2f81a30) of type: BasicImage
12/12/2015 18:51:24 (Std) 	[ImageManager] Created image: 'TaharezLook/ProgressBarLitSegment' (0x2f81d60) of type: BasicImage
12/12/2015 18:51:24 (Std) 	[ImageManager] Created image: 'TaharezLook/EditBoxLeft' (0x2f82090) of type: BasicImage
12/12/2015 18:51:24 (Std) 	[ImageManager] Created image: 'TaharezLook/EditBoxMiddle' (0x2f822a0) of type: BasicImage
12/12/2015 18:51:24 (Std) 	[ImageManager] Created image: 'TaharezLook/EditBoxRight' (0x2f824b0) of type: BasicImage
12/12/2015 18:51:24 (Std) 	[ImageManager] Created image: 'TaharezLook/EditBoxCaret' (0x2f826c0) of type: BasicImage
12/12/2015 18:51:24 (Std) 	[ImageManager] Created image: 'TaharezLook/SpinnerUpNormal' (0x2f828d0) of type: BasicImage
12/12/2015 18:51:24 (Std) 	[ImageManager] Created image: 'TaharezLook/SpinnerDownNormal' (0x2f82ae0) of type: BasicImage
12/12/2015 18:51:24 (Std) 	[ImageManager] Created image: 'TaharezLook/SpinnerUpHover' (0x2f82cf0) of type: BasicImage
12/12/2015 18:51:24 (Std) 	[ImageManager] Created image: 'TaharezLook/SpinnerDownHover' (0x2f82f00) of type: BasicImage
12/12/2015 18:51:24 (Std) 	[ImageManager] Created image: 'TaharezLook/TextSelectionBrush' (0x2f83110) of type: BasicImage
12/12/2015 18:51:24 (Std) 	[ImageManager] Created image: 'TaharezLook/VertScrollTop' (0x2f83320) of type: BasicImage
12/12/2015 18:51:24 (Std) 	[ImageManager] Created image: 'TaharezLook/VertScrollMiddle' (0x2f83530) of type: BasicImage
12/12/2015 18:51:24 (Std) 	[ImageManager] Created image: 'TaharezLook/VertScrollBottom' (0x2f83740) of type: BasicImage
12/12/2015 18:51:24 (Std) 	[ImageManager] Created image: 'TaharezLook/VertScrollBarSegment' (0x2f83950) of type: BasicImage
12/12/2015 18:51:24 (Std) 	[ImageManager] Created image: 'TaharezLook/VertScrollThumbNormal' (0x2f83c80) of type: BasicImage
12/12/2015 18:51:24 (Std) 	[ImageManager] Created image: 'TaharezLook/VertScrollThumbHover' (0x2f83fb0) of type: BasicImage
12/12/2015 18:51:24 (Std) 	[ImageManager] Created image: 'TaharezLook/VertScrollUpNormal' (0x2f842e0) of type: BasicImage
12/12/2015 18:51:24 (Std) 	[ImageManager] Created image: 'TaharezLook/VertScrollDownNormal' (0x2f844f0) of type: BasicImage
12/12/2015 18:51:24 (Std) 	[ImageManager] Created image: 'TaharezLook/VertScrollUpHover' (0x2f84820) of type: BasicImage
12/12/2015 18:51:24 (Std) 	[ImageManager] Created image: 'TaharezLook/VertScrollDownHover' (0x2f84a30) of type: BasicImage
12/12/2015 18:51:24 (Std) 	[ImageManager] Created image: 'TaharezLook/MiniVertScrollBarSegment' (0x2f84dd0) of type: BasicImage
12/12/2015 18:51:24 (Std) 	[ImageManager] Created image: 'TaharezLook/MiniVertScrollThumbNormal' (0x2f8b1a0) of type: BasicImage
12/12/2015 18:51:24 (Std) 	[ImageManager] Created image: 'TaharezLook/MiniVertScrollThumbTopNormal' (0x2fa1f60) of type: BasicImage
12/12/2015 18:51:24 (Std) 	[ImageManager] Created image: 'TaharezLook/MiniVertScrollThumbMiddleNormal' (0x2f78820) of type: BasicImage
12/12/2015 18:51:24 (Std) 	[ImageManager] Created image: 'TaharezLook/MiniVertScrollThumbBottomNormal' (0x2fa2560) of type: BasicImage
12/12/2015 18:51:24 (Std) 	[ImageManager] Created image: 'TaharezLook/MiniVertScrollThumbTopHover' (0x2fa29e0) of type: BasicImage
12/12/2015 18:51:24 (Std) 	[ImageManager] Created image: 'TaharezLook/MiniVertScrollThumbMiddleHover' (0x2fa2d40) of type: BasicImage
12/12/2015 18:51:24 (Std) 	[ImageManager] Created image: 'TaharezLook/MiniVertScrollThumbBottomHover' (0x2fa31c0) of type: BasicImage
12/12/2015 18:51:24 (Std) 	[ImageManager] Created image: 'TaharezLook/MiniVertScrollThumbHover' (0x2fa3550) of type: BasicImage
12/12/2015 18:51:24 (Std) 	[ImageManager] Created image: 'TaharezLook/MiniVertScrollUpNormal' (0x2fa37b0) of type: BasicImage
12/12/2015 18:51:24 (Std) 	[ImageManager] Created image: 'TaharezLook/MiniVertScrollDownNormal' (0x2fa3bd0) of type: BasicImage
12/12/2015 18:51:24 (Std) 	[ImageManager] Created image: 'TaharezLook/MiniVertScrollUpHover' (0x2fa3ff0) of type: BasicImage
12/12/2015 18:51:24 (Std) 	[ImageManager] Created image: 'TaharezLook/MiniVertScrollDownHover' (0x2fa4350) of type: BasicImage
12/12/2015 18:51:24 (Std) 	[ImageManager] Created image: 'TaharezLook/VertSliderBody' (0x2fa4770) of type: BasicImage
12/12/2015 18:51:24 (Std) 	[ImageManager] Created image: 'TaharezLook/VertSliderThumbNormal' (0x2fa49b0) of type: BasicImage
12/12/2015 18:51:24 (Std) 	[ImageManager] Created image: 'TaharezLook/VertSliderThumbHover' (0x2fa4d70) of type: BasicImage
12/12/2015 18:51:24 (Std) 	[ImageManager] Created image: 'TaharezLook/MiniHorzScrollBarSegment' (0x2fa50a0) of type: BasicImage
12/12/2015 18:51:24 (Std) 	[ImageManager] Created image: 'TaharezLook/MiniHorzScrollThumbNormal' (0x2fa5490) of type: BasicImage
12/12/2015 18:51:24 (Std) 	[ImageManager] Created image: 'TaharezLook/MiniHorzScrollThumbLeftNormal' (0x2fa5880) of type: BasicImage
12/12/2015 18:51:24 (Std) 	[ImageManager] Created image: 'TaharezLook/MiniHorzScrollThumbMiddleNormal' (0x2fa5ca0) of type: BasicImage
12/12/2015 18:51:24 (Std) 	[ImageManager] Created image: 'TaharezLook/MiniHorzScrollThumbRightNormal' (0x2fa60f0) of type: BasicImage
12/12/2015 18:51:24 (Std) 	[ImageManager] Created image: 'TaharezLook/MiniHorzScrollThumbHover' (0x2fa6480) of type: BasicImage
12/12/2015 18:51:24 (Std) 	[ImageManager] Created image: 'TaharezLook/MiniHorzScrollThumbLeftHover' (0x2fa67d0) of type: BasicImage
12/12/2015 18:51:24 (Std) 	[ImageManager] Created image: 'TaharezLook/MiniHorzScrollThumbMiddleHover' (0x2fa6bf0) of type: BasicImage
12/12/2015 18:51:24 (Std) 	[ImageManager] Created image: 'TaharezLook/MiniHorzScrollThumbRightHover' (0x2fa6f80) of type: BasicImage
12/12/2015 18:51:24 (Std) 	[ImageManager] Created image: 'TaharezLook/MiniHorzScrollLeftNormal' (0x2fa73a0) of type: BasicImage
12/12/2015 18:51:24 (Std) 	[ImageManager] Created image: 'TaharezLook/MiniHorzScrollRightNormal' (0x2fa76f0) of type: BasicImage
12/12/2015 18:51:24 (Std) 	[ImageManager] Created image: 'TaharezLook/MiniHorzScrollLeftHover' (0x2fa7a40) of type: BasicImage
12/12/2015 18:51:24 (Std) 	[ImageManager] Created image: 'TaharezLook/MiniHorzScrollRightHover' (0x2fa7d90) of type: BasicImage
12/12/2015 18:51:24 (Std) 	[ImageManager] Created image: 'TaharezLook/ListboxLeft' (0x2fa80e0) of type: BasicImage
12/12/2015 18:51:24 (Std) 	[ImageManager] Created image: 'TaharezLook/ListboxRight' (0x2fa82f0) of type: BasicImage
12/12/2015 18:51:24 (Std) 	[ImageManager] Created image: 'TaharezLook/ListboxTop' (0x2fa8500) of type: BasicImage
12/12/2015 18:51:24 (Std) 	[ImageManager] Created image: 'TaharezLook/ListboxBottom' (0x2fa8710) of type: BasicImage
12/12/2015 18:51:24 (Std) 	[ImageManager] Created image: 'TaharezLook/ListboxTopLeft' (0x2fa8920) of type: BasicImage
12/12/2015 18:51:24 (Std) 	[ImageManager] Created image: 'TaharezLook/ListboxTopRight' (0x2fa8b30) of type: BasicImage
12/12/2015 18:51:24 (Std) 	[ImageManager] Created image: 'TaharezLook/ListboxBottomLeft' (0x2fa8d40) of type: BasicImage
12/12/2015 18:51:24 (Std) 	[ImageManager] Created image: 'TaharezLook/ListboxBottomRight' (0x2fa8f50) of type: BasicImage
12/12/2015 18:51:24 (Std) 	[ImageManager] Created image: 'TaharezLook/ListboxBackdrop' (0x2fa9160) of type: BasicImage
12/12/2015 18:51:24 (Std) 	[ImageManager] Created image: 'TaharezLook/ListboxSelectionBrush' (0x2fa9370) of type: BasicImage
12/12/2015 18:51:24 (Std) 	[ImageManager] Created image: 'TaharezLook/ComboboxEditLeft' (0x2fa96a0) of type: BasicImage
12/12/2015 18:51:24 (Std) 	[ImageManager] Created image: 'TaharezLook/ComboboxEditMiddle' (0x2fa98b0) of type: BasicImage
12/12/2015 18:51:24 (Std) 	[ImageManager] Created image: 'TaharezLook/ComboboxListButtonNormal' (0x2fa9ac0) of type: BasicImage
12/12/2015 18:51:24 (Std) 	[ImageManager] Created image: 'TaharezLook/ComboboxListButtonHover' (0x2fa9e10) of type: BasicImage
12/12/2015 18:51:24 (Std) 	[ImageManager] Created image: 'TaharezLook/ComboboxListLeft' (0x2faa160) of type: BasicImage
12/12/2015 18:51:24 (Std) 	[ImageManager] Created image: 'TaharezLook/ComboboxListRight' (0x2faa370) of type: BasicImage
12/12/2015 18:51:24 (Std) 	[ImageManager] Created image: 'TaharezLook/ComboboxListTop' (0x2faa580) of type: BasicImage
12/12/2015 18:51:24 (Std) 	[ImageManager] Created image: 'TaharezLook/ComboboxListBottom' (0x2faa790) of type: BasicImage
12/12/2015 18:51:24 (Std) 	[ImageManager] Created image: 'TaharezLook/ComboboxListTopLeft' (0x2faa9a0) of type: BasicImage
12/12/2015 18:51:24 (Std) 	[ImageManager] Created image: 'TaharezLook/ComboboxListTopRight' (0x2faabb0) of type: BasicImage
12/12/2015 18:51:24 (Std) 	[ImageManager] Created image: 'TaharezLook/ComboboxListBottomLeft' (0x2faaee0) of type: BasicImage
12/12/2015 18:51:24 (Std) 	[ImageManager] Created image: 'TaharezLook/ComboboxListBottomRight' (0x2fab230) of type: BasicImage
12/12/2015 18:51:24 (Std) 	[ImageManager] Created image: 'TaharezLook/ComboboxListBackdrop' (0x2fab580) of type: BasicImage
12/12/2015 18:51:24 (Std) 	[ImageManager] Created image: 'TaharezLook/ComboboxSelectionBrush' (0x2fab8b0) of type: BasicImage
12/12/2015 18:51:24 (Std) 	[ImageManager] Created image: 'TaharezLook/ComboboxDividerLeft' (0x2fabc00) of type: BasicImage
12/12/2015 18:51:24 (Std) 	[ImageManager] Created image: 'TaharezLook/ComboboxDividerMiddle' (0x2fabe10) of type: BasicImage
12/12/2015 18:51:24 (Std) 	[ImageManager] Created image: 'TaharezLook/ComboboxDividerRight' (0x2fac140) of type: BasicImage
12/12/2015 18:51:24 (Std) 	[ImageManager] Created image: 'TaharezLook/HeaderBarBackdropNormal' (0x2fac470) of type: BasicImage
12/12/2015 18:51:24 (Std) 	[ImageManager] Created image: 'TaharezLook/HeaderBarBackdropHover' (0x2fac7c0) of type: BasicImage
12/12/2015 18:51:24 (Std) 	[ImageManager] Created image: 'TaharezLook/HeaderBarSplitterNormal' (0x2facb10) of type: BasicImage
12/12/2015 18:51:24 (Std) 	[ImageManager] Created image: 'TaharezLook/HeaderBarSplitterHover' (0x2face60) of type: BasicImage
12/12/2015 18:51:24 (Std) 	[ImageManager] Created image: 'TaharezLook/HeaderBarSortUp' (0x2fad1b0) of type: BasicImage
12/12/2015 18:51:24 (Std) 	[ImageManager] Created image: 'TaharezLook/HeaderBarSortDown' (0x2fad3c0) of type: BasicImage
12/12/2015 18:51:24 (Std) 	[ImageManager] Created image: 'TaharezLook/MultiListLeft' (0x2fad5d0) of type: BasicImage
12/12/2015 18:51:24 (Std) 	[ImageManager] Created image: 'TaharezLook/MultiListRight' (0x2fad7e0) of type: BasicImage
12/12/2015 18:51:24 (Std) 	[ImageManager] Created image: 'TaharezLook/MultiListTop' (0x2fad9f0) of type: BasicImage
12/12/2015 18:51:24 (Std) 	[ImageManager] Created image: 'TaharezLook/MultiListBottom' (0x2fadc00) of type: BasicImage
12/12/2015 18:51:24 (Std) 	[ImageManager] Created image: 'TaharezLook/MultiListTopLeft' (0x2fade10) of type: BasicImage
12/12/2015 18:51:24 (Std) 	[ImageManager] Created image: 'TaharezLook/MultiListTopRight' (0x2fae020) of type: BasicImage
12/12/2015 18:51:24 (Std) 	[ImageManager] Created image: 'TaharezLook/MultiListBottomLeft' (0x2fae230) of type: BasicImage
12/12/2015 18:51:24 (Std) 	[ImageManager] Created image: 'TaharezLook/MultiListBottomRight' (0x2fae440) of type: BasicImage
12/12/2015 18:51:24 (Std) 	[ImageManager] Created image: 'TaharezLook/MultiListBackdrop' (0x2fae770) of type: BasicImage
12/12/2015 18:51:24 (Std) 	[ImageManager] Created image: 'TaharezLook/MultiListSelectionBrush' (0x2fae980) of type: BasicImage
12/12/2015 18:51:24 (Std) 	[ImageManager] Created image: 'TaharezLook/AltProgressLeft' (0x2faecd0) of type: BasicImage
12/12/2015 18:51:24 (Std) 	[ImageManager] Created image: 'TaharezLook/AltProgressMiddle' (0x2faeee0) of type: BasicImage
12/12/2015 18:51:24 (Std) 	[ImageManager] Created image: 'TaharezLook/AltProgressRight' (0x2faf0f0) of type: BasicImage
12/12/2015 18:51:24 (Std) 	[ImageManager] Created image: 'TaharezLook/AltProgressQuarter' (0x2faf300) of type: BasicImage
12/12/2015 18:51:24 (Std) 	[ImageManager] Created image: 'TaharezLook/AltProgressHalf' (0x2faf510) of type: BasicImage
12/12/2015 18:51:24 (Std) 	[ImageManager] Created image: 'TaharezLook/AltProgressLight1' (0x2faf720) of type: BasicImage
12/12/2015 18:51:24 (Std) 	[ImageManager] Created image: 'TaharezLook/AltProgressLight2' (0x2faf930) of type: BasicImage
12/12/2015 18:51:24 (Std) 	[ImageManager] Created image: 'TaharezLook/AltProgressLight3' (0x2fafb40) of type: BasicImage
12/12/2015 18:51:24 (Std) 	[ImageManager] Created image: 'TaharezLook/AltProgressLight4' (0x2fafd50) of type: BasicImage
12/12/2015 18:51:24 (Std) 	[ImageManager] Created image: 'TaharezLook/AltProgressLight5' (0x2faff60) of type: BasicImage
12/12/2015 18:51:24 (Std) 	[ImageManager] Created image: 'TaharezLook/AltProgressLight6' (0x2fb0170) of type: BasicImage
12/12/2015 18:51:24 (Std) 	[ImageManager] Created image: 'TaharezLook/AltProgressLight7' (0x2fb0380) of type: BasicImage
12/12/2015 18:51:24 (Std) 	[ImageManager] Created image: 'TaharezLook/AltProgressLight8' (0x2fb0590) of type: BasicImage
12/12/2015 18:51:24 (Std) 	[ImageManager] Created image: 'TaharezLook/AltProgressLight9' (0x2fb07a0) of type: BasicImage
12/12/2015 18:51:24 (Std) 	[ImageManager] Created image: 'TaharezLook/AltProgressLight10' (0x2fb09b0) of type: BasicImage
12/12/2015 18:51:24 (Std) 	[ImageManager] Created image: 'TaharezLook/CloseButtonNormal' (0x2fb0bc0) of type: BasicImage
12/12/2015 18:51:24 (Std) 	[ImageManager] Created image: 'TaharezLook/CloseButtonHover' (0x2fb0dd0) of type: BasicImage
12/12/2015 18:51:24 (Std) 	[ImageManager] Created image: 'TaharezLook/CloseButtonPressed' (0x2fb0fe0) of type: BasicImage
12/12/2015 18:51:24 (Std) 	[ImageManager] Created image: 'TaharezLook/NewCloseButtonNormal' (0x2fb11f0) of type: BasicImage
12/12/2015 18:51:24 (Std) 	[ImageManager] Created image: 'TaharezLook/NewCloseButtonHover' (0x2fb1520) of type: BasicImage
12/12/2015 18:51:24 (Std) 	[ImageManager] Created image: 'TaharezLook/NewCloseButtonPressed' (0x2fb1730) of type: BasicImage
12/12/2015 18:51:24 (Std) 	[ImageManager] Created image: 'TaharezLook/MultiLineEditboxLeft' (0x2fb1a60) of type: BasicImage
12/12/2015 18:51:24 (Std) 	[ImageManager] Created image: 'TaharezLook/MultiLineEditboxRight' (0x2fb1d90) of type: BasicImage
12/12/2015 18:51:24 (Std) 	[ImageManager] Created image: 'TaharezLook/MultiLineEditboxTop' (0x2fb20c0) of type: BasicImage
12/12/2015 18:51:24 (Std) 	[ImageManager] Created image: 'TaharezLook/MultiLineEditboxBottom' (0x2fb22d0) of type: BasicImage
12/12/2015 18:51:24 (Std) 	[ImageManager] Created image: 'TaharezLook/MultiLineEditboxTopLeft' (0x2fb2620) of type: BasicImage
12/12/2015 18:51:24 (Std) 	[ImageManager] Created image: 'TaharezLook/MultiLineEditboxTopRight' (0x2fb2970) of type: BasicImage
12/12/2015 18:51:24 (Std) 	[ImageManager] Created image: 'TaharezLook/MultiLineEditboxBottomLeft' (0x2fb2cc0) of type: BasicImage
12/12/2015 18:51:24 (Std) 	[ImageManager] Created image: 'TaharezLook/MultiLineEditboxBottomRight' (0x2fb3030) of type: BasicImage
12/12/2015 18:51:24 (Std) 	[ImageManager] Created image: 'TaharezLook/MultiLineEditboxBackdrop' (0x2fb33a0) of type: BasicImage
12/12/2015 18:51:24 (Std) 	[ImageManager] Created image: 'TaharezLook/MultiLineEditboxSelectionBrush' (0x2fb36f0) of type: BasicImage
12/12/2015 18:51:24 (Std) 	[ImageManager] Created image: 'TaharezLook/MouseTarget' (0x2fb40c0) of type: BasicImage
12/12/2015 18:51:24 (Std) 	[ImageManager] Created image: 'TaharezLook/MouseArrow' (0x2fb3a80) of type: BasicImage
12/12/2015 18:51:24 (Std) 	[ImageManager] Created image: 'TaharezLook/MouseMoveCursor' (0x2fb45f0) of type: BasicImage
12/12/2015 18:51:24 (Std) 	[ImageManager] Created image: 'TaharezLook/MouseNoSoCursor' (0x2fb4800) of type: BasicImage
12/12/2015 18:51:24 (Std) 	[ImageManager] Created image: 'TaharezLook/MouseEsWeCursor' (0x2fb4a10) of type: BasicImage
12/12/2015 18:51:24 (Std) 	[ImageManager] Created image: 'TaharezLook/MouseNeSwCursor' (0x2fb4c20) of type: BasicImage
12/12/2015 18:51:24 (Std) 	[ImageManager] Created image: 'TaharezLook/MouseNwSeCursor' (0x2fb4e30) of type: BasicImage
12/12/2015 18:51:24 (Std) 	[ImageManager] Created image: 'TaharezLook/MouseTextBar' (0x2fb5040) of type: BasicImage
12/12/2015 18:51:24 (Std) 	[ImageManager] Created image: 'TaharezLook/TabHorizontalFiller' (0x2f8b8b0) of type: BasicImage
12/12/2015 18:51:24 (Std) 	[ImageManager] Created image: 'TaharezLook/TabContentPaneUpperLeft' (0x2fb3c90) of type: BasicImage
12/12/2015 18:51:24 (Std) 	[ImageManager] Created image: 'TaharezLook/TabContentPaneUpper' (0x2fb5250) of type: BasicImage
12/12/2015 18:51:24 (Std) 	[ImageManager] Created image: 'TaharezLook/TabContentPaneUpperRight' (0x2fb5460) of type: BasicImage
12/12/2015 18:51:24 (Std) 	[ImageManager] Created image: 'TaharezLook/TabContentPaneLeft' (0x2fb57b0) of type: BasicImage
12/12/2015 18:51:24 (Std) 	[ImageManager] Created image: 'TaharezLook/TabContentPaneRight' (0x2fb59c0) of type: BasicImage
12/12/2015 18:51:24 (Std) 	[ImageManager] Created image: 'TaharezLook/TabContentPaneLower' (0x2fb5bd0) of type: BasicImage
12/12/2015 18:51:24 (Std) 	[ImageManager] Created image: 'TaharezLook/TabContentPaneLowerLeft' (0x2fb5de0) of type: BasicImage
12/12/2015 18:51:24 (Std) 	[ImageManager] Created image: 'TaharezLook/TabContentPaneLowerRight' (0x2fb6130) of type: BasicImage
12/12/2015 18:51:24 (Std) 	[ImageManager] Created image: 'TaharezLook/TabContentPaneMiddle' (0x2fb6480) of type: BasicImage
12/12/2015 18:51:24 (Std) 	[ImageManager] Created image: 'TaharezLook/TabButtonScrollLeftNormal' (0x2fb67b0) of type: BasicImage
12/12/2015 18:51:24 (Std) 	[ImageManager] Created image: 'TaharezLook/TabButtonScrollRightNormal' (0x2fb6b00) of type: BasicImage
12/12/2015 18:51:24 (Std) 	[ImageManager] Created image: 'TaharezLook/TabButtonScrollLeftHover' (0x2fb6e70) of type: BasicImage
12/12/2015 18:51:24 (Std) 	[ImageManager] Created image: 'TaharezLook/TabButtonScrollRightHover' (0x2fb71c0) of type: BasicImage
12/12/2015 18:51:24 (Std) 	[ImageManager] Created image: 'TaharezLook/TabButtonLeftNormal' (0x2fb7510) of type: BasicImage
12/12/2015 18:51:24 (Std) 	[ImageManager] Created image: 'TaharezLook/TabButtonRightNormal' (0x2fb7720) of type: BasicImage
12/12/2015 18:51:24 (Std) 	[ImageManager] Created image: 'TaharezLook/TabButtonUpperNormal' (0x2fb7a50) of type: BasicImage
12/12/2015 18:51:24 (Std) 	[ImageManager] Created image: 'TaharezLook/TabButtonLowerNormal' (0x2fb7d80) of type: BasicImage
12/12/2015 18:51:24 (Std) 	[ImageManager] Created image: 'TaharezLook/TabButtonUpperLeftNormal' (0x2fb80b0) of type: BasicImage
12/12/2015 18:51:24 (Std) 	[ImageManager] Created image: 'TaharezLook/TabButtonUpperLeft2Normal' (0x2fb8400) of type: BasicImage
12/12/2015 18:51:24 (Std) 	[ImageManager] Created image: 'TaharezLook/TabButtonUpperRightNormal' (0x2fb8750) of type: BasicImage
12/12/2015 18:51:24 (Std) 	[ImageManager] Created image: 'TaharezLook/TabButtonLowerLeftNormal' (0x2fb4460) of type: BasicImage
12/12/2015 18:51:24 (Std) 	[ImageManager] Created image: 'TaharezLook/TabButtonLowerRightNormal' (0x3038cf0) of type: BasicImage
12/12/2015 18:51:24 (Std) 	[ImageManager] Created image: 'TaharezLook/TabButtonLowerRight2Normal' (0x3038e10) of type: BasicImage
12/12/2015 18:51:24 (Std) 	[ImageManager] Created image: 'TaharezLook/TabButtonMiddleNormal' (0x3039020) of type: BasicImage
12/12/2015 18:51:24 (Std) 	[ImageManager] Created image: 'TaharezLook/TabButtonLeftSelected' (0x3039230) of type: BasicImage
12/12/2015 18:51:24 (Std) 	[ImageManager] Created image: 'TaharezLook/TabButtonRightSelected' (0x3039440) of type: BasicImage
12/12/2015 18:51:24 (Std) 	[ImageManager] Created image: 'TaharezLook/TabButtonUpperSelected' (0x3039650) of type: BasicImage
12/12/2015 18:51:24 (Std) 	[ImageManager] Created image: 'TaharezLook/TabButtonLowerSelected' (0x3039860) of type: BasicImage
12/12/2015 18:51:24 (Std) 	[ImageManager] Created image: 'TaharezLook/TabButtonUpperLeftSelected' (0x3039d40) of type: BasicImage
12/12/2015 18:51:24 (Std) 	[ImageManager] Created image: 'TaharezLook/TabButtonUpperRightSelected' (0x303a0b0) of type: BasicImage
12/12/2015 18:51:24 (Std) 	[ImageManager] Created image: 'TaharezLook/TabButtonLowerLeftSelected' (0x303a420) of type: BasicImage
12/12/2015 18:51:24 (Std) 	[ImageManager] Created image: 'TaharezLook/TabButtonLowerRightSelected' (0x303a790) of type: BasicImage
12/12/2015 18:51:24 (Std) 	[ImageManager] Created image: 'TaharezLook/TabButtonMiddleSelected' (0x303ab00) of type: BasicImage
12/12/2015 18:51:24 (Std) 	[ImageManager] Created image: 'TaharezLook/TooltipTopLeft' (0x303ad10) of type: BasicImage
12/12/2015 18:51:24 (Std) 	[ImageManager] Created image: 'TaharezLook/TooltipTopRight' (0x303af20) of type: BasicImage
12/12/2015 18:51:24 (Std) 	[ImageManager] Created image: 'TaharezLook/TooltipBottomLeft' (0x303b130) of type: BasicImage
12/12/2015 18:51:24 (Std) 	[ImageManager] Created image: 'TaharezLook/TooltipBottomRight' (0x303b340) of type: BasicImage
12/12/2015 18:51:24 (Std) 	[ImageManager] Created image: 'TaharezLook/TooltipLeftEdge' (0x303b550) of type: BasicImage
12/12/2015 18:51:24 (Std) 	[ImageManager] Created image: 'TaharezLook/TooltipRightEdge' (0x303b760) of type: BasicImage
12/12/2015 18:51:24 (Std) 	[ImageManager] Created image: 'TaharezLook/TooltipTopEdge' (0x303b970) of type: BasicImage
12/12/2015 18:51:24 (Std) 	[ImageManager] Created image: 'TaharezLook/TooltipBottomEdge' (0x303bb80) of type: BasicImage
12/12/2015 18:51:24 (Std) 	[ImageManager] Created image: 'TaharezLook/TooltipMiddle' (0x303bd90) of type: BasicImage
12/12/2015 18:51:24 (Std) 	[ImageManager] Created image: 'TaharezLook/MenuTopLeft' (0x303bfa0) of type: BasicImage
12/12/2015 18:51:24 (Std) 	[ImageManager] Created image: 'TaharezLook/MenuTopRight' (0x303c1b0) of type: BasicImage
12/12/2015 18:51:24 (Std) 	[ImageManager] Created image: 'TaharezLook/MenuBottomLeft' (0x303c3c0) of type: BasicImage
12/12/2015 18:51:24 (Std) 	[ImageManager] Created image: 'TaharezLook/MenuBottomRight' (0x303c5d0) of type: BasicImage
12/12/2015 18:51:24 (Std) 	[ImageManager] Created image: 'TaharezLook/MenuLeft' (0x303c7e0) of type: BasicImage
12/12/2015 18:51:24 (Std) 	[ImageManager] Created image: 'TaharezLook/MenuRight' (0x303c9f0) of type: BasicImage
12/12/2015 18:51:24 (Std) 	[ImageManager] Created image: 'TaharezLook/MenuTop' (0x303cc00) of type: BasicImage
12/12/2015 18:51:24 (Std) 	[ImageManager] Created image: 'TaharezLook/MenuBottom' (0x303ce10) of type: BasicImage
12/12/2015 18:51:24 (Std) 	[ImageManager] Created image: 'TaharezLook/MenuMiddle' (0x303d020) of type: BasicImage
12/12/2015 18:51:24 (Std) 	[ImageManager] Created image: 'TaharezLook/PopupMenuFrameTopLeft' (0x303d230) of type: BasicImage
12/12/2015 18:51:24 (Std) 	[ImageManager] Created image: 'TaharezLook/PopupMenuFrameTopRight' (0x303d5d0) of type: BasicImage
12/12/2015 18:51:24 (Std) 	[ImageManager] Created image: 'TaharezLook/PopupMenuFrameBottomLeft' (0x303d920) of type: BasicImage
12/12/2015 18:51:24 (Std) 	[ImageManager] Created image: 'TaharezLook/PopupMenuFrameBottomRight' (0x303dc70) of type: BasicImage
12/12/2015 18:51:24 (Std) 	[ImageManager] Created image: 'TaharezLook/PopupMenuFrameLeft' (0x303dfc0) of type: BasicImage
12/12/2015 18:51:24 (Std) 	[ImageManager] Created image: 'TaharezLook/PopupMenuFrameRight' (0x303e1d0) of type: BasicImage
12/12/2015 18:51:24 (Std) 	[ImageManager] Created image: 'TaharezLook/PopupMenuFrameTop' (0x303e3e0) of type: BasicImage
12/12/2015 18:51:24 (Std) 	[ImageManager] Created image: 'TaharezLook/PopupMenuFrameBottom' (0x303e5f0) of type: BasicImage
12/12/2015 18:51:24 (Std) 	[ImageManager] Created image: 'TaharezLook/PopupMenuMiddle' (0x303e800) of type: BasicImage
12/12/2015 18:51:24 (Std) 	[ImageManager] Created image: 'TaharezLook/PopupMenuArrowRight' (0x303ea10) of type: BasicImage
12/12/2015 18:51:24 (Std) 	[ImageManager] Created image: 'TaharezLook/PopupMenuArrowLeft' (0x303ec20) of type: BasicImage
12/12/2015 18:51:24 (Std) 	[ImageManager] Created image: 'TaharezLook/TreeListClosed' (0x303ee30) of type: BasicImage
12/12/2015 18:51:24 (Std) 	[ImageManager] Created image: 'TaharezLook/TreeListOpened' (0x303f040) of type: BasicImage
12/12/2015 18:51:24 (Std) 	===== Falagard 'root' element: look and feel parsing begins =====
12/12/2015 18:51:24 (Std) 	===== Look and feel parsing completed =====
12/12/2015 18:51:24 (Std) 	No window renderer factories specified for module 'CEGUICoreWindowRendererSet' - adding all available factories...
12/12/2015 18:51:24 (Std) 	Created WindowRendererFactory for 'Core/Button' WindowRenderers.
12/12/2015 18:51:24 (Std) 	WindowRendererFactory 'Core/Button' added. (0x318c470)
12/12/2015 18:51:24 (Std) 	Created WindowRendererFactory for 'Core/Default' WindowRenderers.
12/12/2015 18:51:24 (Std) 	WindowRendererFactory 'Core/Default' added. (0x318c610)
12/12/2015 18:51:24 (Std) 	Created WindowRendererFactory for 'Core/Editbox' WindowRenderers.
12/12/2015 18:51:24 (Std) 	WindowRendererFactory 'Core/Editbox' added. (0x2f7ea90)
12/12/2015 18:51:24 (Std) 	Created WindowRendererFactory for 'Core/FrameWindow' WindowRenderers.
12/12/2015 18:51:24 (Std) 	WindowRendererFactory 'Core/FrameWindow' added. (0x2f7ec30)
12/12/2015 18:51:24 (Std) 	Created WindowRendererFactory for 'Core/ItemEntry' WindowRenderers.
12/12/2015 18:51:24 (Std) 	WindowRendererFactory 'Core/ItemEntry' added. (0x312c750)
12/12/2015 18:51:24 (Std) 	Created WindowRendererFactory for 'Core/ListHeader' WindowRenderers.
12/12/2015 18:51:24 (Std) 	WindowRendererFactory 'Core/ListHeader' added. (0x312c8f0)
12/12/2015 18:51:24 (Std) 	Created WindowRendererFactory for 'Core/ListHeaderSegment' WindowRenderers.
12/12/2015 18:51:24 (Std) 	WindowRendererFactory 'Core/ListHeaderSegment' added. (0x312ca90)
12/12/2015 18:51:24 (Std) 	Created WindowRendererFactory for 'Core/Listbox' WindowRenderers.
12/12/2015 18:51:24 (Std) 	WindowRendererFactory 'Core/Listbox' added. (0x3166ff0)
12/12/2015 18:51:24 (Std) 	Created WindowRendererFactory for 'Core/Menubar' WindowRenderers.
12/12/2015 18:51:24 (Std) 	WindowRendererFactory 'Core/Menubar' added. (0x3167190)
12/12/2015 18:51:24 (Std) 	Created WindowRendererFactory for 'Core/MenuItem' WindowRenderers.
12/12/2015 18:51:24 (Std) 	WindowRendererFactory 'Core/MenuItem' added. (0x31b8f90)
12/12/2015 18:51:24 (Std) 	Created WindowRendererFactory for 'Core/MultiColumnList' WindowRenderers.
12/12/2015 18:51:24 (Std) 	WindowRendererFactory 'Core/MultiColumnList' added. (0x31b9130)
12/12/2015 18:51:24 (Std) 	Created WindowRendererFactory for 'Core/MultiLineEditbox' WindowRenderers.
12/12/2015 18:51:24 (Std) 	WindowRendererFactory 'Core/MultiLineEditbox' added. (0x31b92d0)
12/12/2015 18:51:24 (Std) 	Created WindowRendererFactory for 'Core/PopupMenu' WindowRenderers.
12/12/2015 18:51:24 (Std) 	WindowRendererFactory 'Core/PopupMenu' added. (0x31994d0)
12/12/2015 18:51:24 (Std) 	Created WindowRendererFactory for 'Core/ProgressBar' WindowRenderers.
12/12/2015 18:51:24 (Std) 	WindowRendererFactory 'Core/ProgressBar' added. (0x3199670)
12/12/2015 18:51:24 (Std) 	Created WindowRendererFactory for 'Core/ScrollablePane' WindowRenderers.
12/12/2015 18:51:24 (Std) 	WindowRendererFactory 'Core/ScrollablePane' added. (0x3199810)
12/12/2015 18:51:24 (Std) 	Created WindowRendererFactory for 'Core/Scrollbar' WindowRenderers.
12/12/2015 18:51:24 (Std) 	WindowRendererFactory 'Core/Scrollbar' added. (0x2f85100)
12/12/2015 18:51:24 (Std) 	Created WindowRendererFactory for 'Core/Slider' WindowRenderers.
12/12/2015 18:51:24 (Std) 	WindowRendererFactory 'Core/Slider' added. (0x2f852a0)
12/12/2015 18:51:24 (Std) 	Created WindowRendererFactory for 'Core/Static' WindowRenderers.
12/12/2015 18:51:24 (Std) 	WindowRendererFactory 'Core/Static' added. (0x2f85550)
12/12/2015 18:51:24 (Std) 	Created WindowRendererFactory for 'Core/StaticImage' WindowRenderers.
12/12/2015 18:51:24 (Std) 	WindowRendererFactory 'Core/StaticImage' added. (0x31d3b30)
12/12/2015 18:51:24 (Std) 	Created WindowRendererFactory for 'Core/StaticText' WindowRenderers.
12/12/2015 18:51:24 (Std) 	WindowRendererFactory 'Core/StaticText' added. (0x31d3cd0)
12/12/2015 18:51:24 (Std) 	Created WindowRendererFactory for 'Core/TabButton' WindowRenderers.
12/12/2015 18:51:24 (Std) 	WindowRendererFactory 'Core/TabButton' added. (0x31d3e70)
12/12/2015 18:51:24 (Std) 	Created WindowRendererFactory for 'Core/TabControl' WindowRenderers.
12/12/2015 18:51:24 (Std) 	WindowRendererFactory 'Core/TabControl' added. (0x31d4010)
12/12/2015 18:51:24 (Std) 	Created WindowRendererFactory for 'Core/Titlebar' WindowRenderers.
12/12/2015 18:51:24 (Std) 	WindowRendererFactory 'Core/Titlebar' added. (0x31d41b0)
12/12/2015 18:51:24 (Std) 	Created WindowRendererFactory for 'Core/ToggleButton' WindowRenderers.
12/12/2015 18:51:24 (Std) 	WindowRendererFactory 'Core/ToggleButton' added. (0x31d4350)
12/12/2015 18:51:24 (Std) 	Created WindowRendererFactory for 'Core/Tooltip' WindowRenderers.
12/12/2015 18:51:24 (Std) 	WindowRendererFactory 'Core/Tooltip' added. (0x31cc530)
12/12/2015 18:51:24 (Std) 	Created WindowRendererFactory for 'Core/ItemListbox' WindowRenderers.
12/12/2015 18:51:24 (Std) 	WindowRendererFactory 'Core/ItemListbox' added. (0x31cc6d0)
12/12/2015 18:51:24 (Std) 	Created WindowRendererFactory for 'Core/Tree' WindowRenderers.
12/12/2015 18:51:24 (Std) 	WindowRendererFactory 'Core/Tree' added. (0x31cc870)
12/12/2015 18:51:24 (Std) 	Creating falagard mapping for type 'TaharezLook/Label' using base type 'DefaultWindow', window renderer 'Core/Default' Look'N'Feel 'TaharezLook/Label' and RenderEffect ''. (0x7ffee4704ed0)
12/12/2015 18:51:24 (Std) 	Creating falagard mapping for type 'TaharezLook/Button' using base type 'CEGUI/PushButton', window renderer 'Core/Button' Look'N'Feel 'TaharezLook/Button' and RenderEffect ''. (0x7ffee4704ed0)
12/12/2015 18:51:24 (Std) 	Creating falagard mapping for type 'TaharezLook/Checkbox' using base type 'CEGUI/ToggleButton', window renderer 'Core/ToggleButton' Look'N'Feel 'TaharezLook/Checkbox' and RenderEffect ''. (0x7ffee4704ed0)
12/12/2015 18:51:24 (Std) 	Creating falagard mapping for type 'TaharezLook/ImageButton' using base type 'CEGUI/PushButton', window renderer 'Core/Button' Look'N'Feel 'TaharezLook/ImageButton' and RenderEffect ''. (0x7ffee4704ed0)
12/12/2015 18:51:24 (Std) 	Creating falagard mapping for type 'TaharezLook/RadioButton' using base type 'CEGUI/RadioButton', window renderer 'Core/ToggleButton' Look'N'Feel 'TaharezLook/RadioButton' and RenderEffect ''. (0x7ffee4704ed0)
12/12/2015 18:51:24 (Std) 	Creating falagard mapping for type 'TaharezLook/FrameWindow' using base type 'CEGUI/FrameWindow', window renderer 'Core/FrameWindow' Look'N'Feel 'TaharezLook/FrameWindow' and RenderEffect ''. (0x7ffee4704ed0)
12/12/2015 18:51:24 (Std) 	Creating falagard mapping for type 'TaharezLook/Titlebar' using base type 'CEGUI/Titlebar', window renderer 'Core/Titlebar' Look'N'Feel 'TaharezLook/Titlebar' and RenderEffect ''. (0x7ffee4704ed0)
12/12/2015 18:51:24 (Std) 	Creating falagard mapping for type 'TaharezLook/Editbox' using base type 'CEGUI/Editbox', window renderer 'Core/Editbox' Look'N'Feel 'TaharezLook/Editbox' and RenderEffect ''. (0x7ffee4704ed0)
12/12/2015 18:51:24 (Std) 	Creating falagard mapping for type 'TaharezLook/MultiLineEditbox' using base type 'CEGUI/MultiLineEditbox', window renderer 'Core/MultiLineEditbox' Look'N'Feel 'TaharezLook/MultiLineEditbox' and RenderEffect ''. (0x7ffee4704ed0)
12/12/2015 18:51:24 (Std) 	Creating falagard mapping for type 'TaharezLook/Menubar' using base type 'CEGUI/Menubar', window renderer 'Core/Menubar' Look'N'Feel 'TaharezLook/Menubar' and RenderEffect ''. (0x7ffee4704ed0)
12/12/2015 18:51:24 (Std) 	Creating falagard mapping for type 'TaharezLook/PopupMenu' using base type 'CEGUI/PopupMenu', window renderer 'Core/PopupMenu' Look'N'Feel 'TaharezLook/PopupMenu' and RenderEffect ''. (0x7ffee4704ed0)
12/12/2015 18:51:24 (Std) 	Creating falagard mapping for type 'TaharezLook/MenuItem' using base type 'CEGUI/MenuItem', window renderer 'Core/MenuItem' Look'N'Feel 'TaharezLook/MenuItem' and RenderEffect ''. (0x7ffee4704ed0)
12/12/2015 18:51:24 (Std) 	Creating falagard mapping for type 'TaharezLook/AlternateProgressBar' using base type 'CEGUI/ProgressBar', window renderer 'Core/ProgressBar' Look'N'Feel 'TaharezLook/AltProgressBar' and RenderEffect ''. (0x7ffee4704ed0)
12/12/2015 18:51:24 (Std) 	Creating falagard mapping for type 'TaharezLook/ProgressBar' using base type 'CEGUI/ProgressBar', window renderer 'Core/ProgressBar' Look'N'Feel 'TaharezLook/ProgressBar' and RenderEffect ''. (0x7ffee4704ed0)
12/12/2015 18:51:24 (Std) 	Creating falagard mapping for type 'TaharezLook/VUMeter' using base type 'CEGUI/ProgressBar', window renderer 'Core/ProgressBar' Look'N'Feel 'TaharezLook/VUMeter' and RenderEffect ''. (0x7ffee4704ed0)
12/12/2015 18:51:24 (Std) 	Creating falagard mapping for type 'TaharezLook/VerticalScrollbar' using base type 'CEGUI/Scrollbar', window renderer 'Core/Scrollbar' Look'N'Feel 'TaharezLook/VerticalScrollbar' and RenderEffect ''. (0x7ffee4704ed0)
12/12/2015 18:51:24 (Std) 	Creating falagard mapping for type 'TaharezLook/HorizontalScrollbar' using base type 'CEGUI/Scrollbar', window renderer 'Core/Scrollbar' Look'N'Feel 'TaharezLook/HorizontalScrollbar' and RenderEffect ''. (0x7ffee4704ed0)
12/12/2015 18:51:24 (Std) 	Creating falagard mapping for type 'TaharezLook/VerticalScrollbarThumb' using base type 'CEGUI/Thumb', window renderer 'Core/Button' Look'N'Feel 'TaharezLook/VerticalScrollbarThumb' and RenderEffect ''. (0x7ffee4704ed0)
12/12/2015 18:51:24 (Std) 	Creating falagard mapping for type 'TaharezLook/HorizontalScrollbarThumb' using base type 'CEGUI/Thumb', window renderer 'Core/Button' Look'N'Feel 'TaharezLook/HorizontalScrollbarThumb' and RenderEffect ''. (0x7ffee4704ed0)
12/12/2015 18:51:24 (Std) 	Creating falagard mapping for type 'TaharezLook/LargeVerticalScrollbar' using base type 'CEGUI/Scrollbar', window renderer 'Core/Scrollbar' Look'N'Feel 'TaharezLook/LargeVerticalScrollbar' and RenderEffect ''. (0x7ffee4704ed0)
12/12/2015 18:51:24 (Std) 	Creating falagard mapping for type 'TaharezLook/LargeVerticalScrollbarThumb' using base type 'CEGUI/Thumb', window renderer 'Core/Button' Look'N'Feel 'TaharezLook/LargeVerticalScrollbarThumb' and RenderEffect ''. (0x7ffee4704ed0)
12/12/2015 18:51:24 (Std) 	Creating falagard mapping for type 'TaharezLook/TabButton' using base type 'CEGUI/TabButton', window renderer 'Core/TabButton' Look'N'Feel 'TaharezLook/TabButton' and RenderEffect ''. (0x7ffee4704ed0)
12/12/2015 18:51:24 (Std) 	Creating falagard mapping for type 'TaharezLook/TabControl' using base type 'CEGUI/TabControl', window renderer 'Core/TabControl' Look'N'Feel 'TaharezLook/TabControl' and RenderEffect ''. (0x7ffee4704ed0)
12/12/2015 18:51:24 (Std) 	Creating falagard mapping for type 'TaharezLook/TabContentPane' using base type 'DefaultWindow', window renderer 'Core/Default' Look'N'Feel 'TaharezLook/TabContentPane' and RenderEffect ''. (0x7ffee4704ed0)
12/12/2015 18:51:24 (Std) 	Creating falagard mapping for type 'TaharezLook/TabButtonPane' using base type 'DefaultWindow', window renderer 'Core/Default' Look'N'Feel 'TaharezLook/TabButtonPane' and RenderEffect ''. (0x7ffee4704ed0)
12/12/2015 18:51:24 (Std) 	Creating falagard mapping for type 'TaharezLook/ComboDropList' using base type 'CEGUI/ComboDropList', window renderer 'Core/Listbox' Look'N'Feel 'TaharezLook/ComboDropList' and RenderEffect ''. (0x7ffee4704ed0)
12/12/2015 18:51:24 (Std) 	Creating falagard mapping for type 'TaharezLook/ComboEditbox' using base type 'CEGUI/Editbox', window renderer 'Core/Editbox' Look'N'Feel 'TaharezLook/ComboEditbox' and RenderEffect ''. (0x7ffee4704ed0)
12/12/2015 18:51:24 (Std) 	Creating falagard mapping for type 'TaharezLook/Combobox' using base type 'CEGUI/Combobox', window renderer 'Core/Default' Look'N'Feel 'TaharezLook/Combobox' and RenderEffect ''. (0x7ffee4704ed0)
12/12/2015 18:51:24 (Std) 	Creating falagard mapping for type 'TaharezLook/Listbox' using base type 'CEGUI/Listbox', window renderer 'Core/Listbox' Look'N'Feel 'TaharezLook/Listbox' and RenderEffect ''. (0x7ffee4704ed0)
12/12/2015 18:51:24 (Std) 	Creating falagard mapping for type 'TaharezLook/ListHeader' using base type 'CEGUI/ListHeader', window renderer 'Core/ListHeader' Look'N'Feel 'TaharezLook/ListHeader' and RenderEffect ''. (0x7ffee4704ed0)
12/12/2015 18:51:24 (Std) 	Creating falagard mapping for type 'TaharezLook/ListHeaderSegment' using base type 'CEGUI/ListHeaderSegment', window renderer 'Core/ListHeaderSegment' Look'N'Feel 'TaharezLook/ListHeaderSegment' and RenderEffect ''. (0x7ffee4704ed0)
12/12/2015 18:51:24 (Std) 	Creating falagard mapping for type 'TaharezLook/MultiColumnList' using base type 'CEGUI/MultiColumnList', window renderer 'Core/MultiColumnList' Look'N'Feel 'TaharezLook/MultiColumnList' and RenderEffect ''. (0x7ffee4704ed0)
12/12/2015 18:51:24 (Std) 	Creating falagard mapping for type 'TaharezLook/Slider' using base type 'CEGUI/Slider', window renderer 'Core/Slider' Look'N'Feel 'TaharezLook/Slider' and RenderEffect ''. (0x7ffee4704ed0)
12/12/2015 18:51:24 (Std) 	Creating falagard mapping for type 'TaharezLook/SliderThumb' using base type 'CEGUI/Thumb', window renderer 'Core/Button' Look'N'Feel 'TaharezLook/SliderThumb' and RenderEffect ''. (0x7ffee4704ed0)
12/12/2015 18:51:24 (Std) 	Creating falagard mapping for type 'TaharezLook/ScrollablePane' using base type 'CEGUI/ScrollablePane', window renderer 'Core/ScrollablePane' Look'N'Feel 'TaharezLook/ScrollablePane' and RenderEffect ''. (0x7ffee4704ed0)
12/12/2015 18:51:24 (Std) 	Creating falagard mapping for type 'TaharezLook/Spinner' using base type 'CEGUI/Spinner', window renderer 'Core/Default' Look'N'Feel 'TaharezLook/Spinner' and RenderEffect ''. (0x7ffee4704ed0)
12/12/2015 18:51:24 (Std) 	Creating falagard mapping for type 'TaharezLook/Tooltip' using base type 'CEGUI/Tooltip', window renderer 'Core/Tooltip' Look'N'Feel 'TaharezLook/Tooltip' and RenderEffect ''. (0x7ffee4704ed0)
12/12/2015 18:51:24 (Std) 	Creating falagard mapping for type 'TaharezLook/StaticImage' using base type 'DefaultWindow', window renderer 'Core/StaticImage' Look'N'Feel 'TaharezLook/StaticImage' and RenderEffect ''. (0x7ffee4704ed0)
12/12/2015 18:51:24 (Std) 	Creating falagard mapping for type 'TaharezLook/StaticText' using base type 'DefaultWindow', window renderer 'Core/StaticText' Look'N'Feel 'TaharezLook/StaticText' and RenderEffect ''. (0x7ffee4704ed0)
12/12/2015 18:51:24 (Std) 	Creating falagard mapping for type 'TaharezLook/ItemListbox' using base type 'CEGUI/ItemListbox', window renderer 'Core/ItemListbox' Look'N'Feel 'TaharezLook/ItemListbox' and RenderEffect ''. (0x7ffee4704ed0)
12/12/2015 18:51:24 (Std) 	Creating falagard mapping for type 'TaharezLook/ListboxItem' using base type 'CEGUI/ItemEntry', window renderer 'Core/ItemEntry' Look'N'Feel 'TaharezLook/ListboxItem' and RenderEffect ''. (0x7ffee4704ed0)
12/12/2015 18:51:24 (Std) 	Creating falagard mapping for type 'TaharezLook/GroupBox' using base type 'DefaultWindow', window renderer 'Core/Default' Look'N'Feel 'TaharezLook/GroupBox' and RenderEffect ''. (0x7ffee4704ed0)
12/12/2015 18:51:24 (Std) 	Creating falagard mapping for type 'TaharezLook/Tree' using base type 'CEGUI/Tree', window renderer 'Core/Tree' Look'N'Feel 'TaharezLook/Tree' and RenderEffect ''. (0x7ffee4704ed0)
12/12/2015 18:51:24 (Std) 	---- Returning existing instance of Font named 'PirateOne-12'.
12/12/2015 18:51:24 (Std) 	[OgreRenderer] Created texture: BackgroundImage
12/12/2015 18:51:24 (Std) 	[ImageManager] Created image: 'BackgroundImage' (0x3094cb0) of type: BasicImage
12/12/2015 18:51:24 (Std) 	---- Successfully completed loading of GUI layout from 'inicio.layout' ----
12/12/2015 18:51:24 (Std) 	[OgreRenderer] Created texture: BackgroundImageCredits
12/12/2015 18:51:24 (Std) 	[ImageManager] Created image: 'BackgroundImageCredits' (0x3238460) of type: BasicImage
12/12/2015 18:51:24 (Std) 	---- Successfully completed loading of GUI layout from 'creditos.layout' ----
12/12/2015 18:51:24 (Std) 	[OgreRenderer] Created texture: PirateOne-30_auto_glyph_images_0
12/12/2015 18:51:24 (Std) 	[OgreRenderer] Created texture: PirateOne-12_auto_glyph_images_0
12/12/2015 18:51:30 (Std) 	---- Successfully completed loading of GUI layout from 'playstate.layout' ----
12/12/2015 18:51:30 (Std) 	[OgreRenderer] Created texture: BackgroundImageControls
12/12/2015 18:51:30 (Std) 	[ImageManager] Created image: 'BackgroundImageControls' (0x34b3300) of type: BasicImage
12/12/2015 18:51:30 (Std) 	---- Successfully completed loading of GUI layout from 'controls.layout' ----
12/12/2015 18:51:30 (Std) 	[OgreRenderer] Created texture: BackgroundImageRecords
12/12/2015 18:51:30 (Std) 	[ImageManager] Created image: 'BackgroundImageRecords' (0x340d010) of type: BasicImage
12/12/2015 18:51:30 (Std) 	---- Successfully completed loading of GUI layout from 'records.layout' ----
12/12/2015 18:51:30 (Std) 	[OgreRenderer] Created texture: BackgroundImageGameOver
12/12/2015 18:51:30 (Std) 	[ImageManager] Created image: 'BackgroundImageGameOver' (0x3419360) of type: BasicImage
12/12/2015 18:51:30 (Std) 	[OgreRenderer] Created texture: BackgroundImagePlayer
12/12/2015 18:51:30 (Std) 	[ImageManager] Created image: 'BackgroundImagePlayer' (0x34165a0) of type: BasicImage
12/12/2015 18:51:30 (Std) 	---- Successfully completed loading of GUI layout from 'gameoverPlayer.layout' ----
